2021-01-19 21:51:59,730:INFO:Initializing load_model()
2021-01-19 21:51:59,730:INFO:load_model(model_name=bolig_algo, platform=None, authentication=None, verbose=True)
2021-01-19 21:54:50,502:INFO:Initializing load_model()
2021-01-19 21:54:50,503:INFO:load_model(model_name=bolig_algo, platform=None, authentication=None, verbose=True)
2021-01-19 21:54:51,068:INFO:Initializing predict_model()
2021-01-19 21:54:51,069:INFO:predict_model(estimator=Pipeline(steps=[('dtypes',
                 DataTypes_Auto_infer(ml_usecase='regression',
                                      target='target')),
                ('imputer',
                 Simple_Imputer(categorical_strategy='not_available',
                                fill_value_categorical=None,
                                fill_value_numerical=None,
                                numeric_strategy='mean',
                                target_variable=None)),
                ('new_levels1',
                 New_Catagorical_Levels_in_TestData(replacement_strategy='least '
                                                                         'frequent',
                                                    target='...
                                                                  verbosity=0)),
                                                    ('rf',
                                                     RandomForestRegressor(n_jobs=-1,
                                                                           random_state=123)),
                                                    ('lightgbm',
                                                     LGBMRegressor(random_state=123))],
                                        n_jobs=-1, weight_0=0.9600000000000001,
                                        weight_1=0.68,
                                        weight_2=0.36000000000000004,
                                        weight_3=0.35000000000000003,
                                        weight_4=0.15000000000000002,
                                        weights=[0.9600000000000001, 0.68,
                                                 0.36000000000000004,
                                                 0.35000000000000003,
                                                 0.15000000000000002])]]), probability_threshold=None, encoded_labels=False, round=4, verbose=True, ml_usecase=MLUsecase.CLASSIFICATION, display=None)
2021-01-19 21:54:51,069:INFO:Checking exceptions
2021-01-19 21:54:51,069:INFO:Preloading libraries
2021-01-19 21:57:10,392:INFO:Initializing load_model()
2021-01-19 21:57:10,392:INFO:load_model(model_name=bolig_algo, platform=None, authentication=None, verbose=True)
2021-01-19 21:57:10,889:INFO:Initializing predict_model()
2021-01-19 21:57:10,889:INFO:predict_model(estimator=Pipeline(steps=[('dtypes',
                 DataTypes_Auto_infer(ml_usecase='regression',
                                      target='target')),
                ('imputer',
                 Simple_Imputer(categorical_strategy='not_available',
                                fill_value_categorical=None,
                                fill_value_numerical=None,
                                numeric_strategy='mean',
                                target_variable=None)),
                ('new_levels1',
                 New_Catagorical_Levels_in_TestData(replacement_strategy='least '
                                                                         'frequent',
                                                    target='...
                                                                  verbosity=0)),
                                                    ('rf',
                                                     RandomForestRegressor(n_jobs=-1,
                                                                           random_state=123)),
                                                    ('lightgbm',
                                                     LGBMRegressor(random_state=123))],
                                        n_jobs=-1, weight_0=0.9600000000000001,
                                        weight_1=0.68,
                                        weight_2=0.36000000000000004,
                                        weight_3=0.35000000000000003,
                                        weight_4=0.15000000000000002,
                                        weights=[0.9600000000000001, 0.68,
                                                 0.36000000000000004,
                                                 0.35000000000000003,
                                                 0.15000000000000002])]]), probability_threshold=None, encoded_labels=False, round=4, verbose=True, ml_usecase=MLUsecase.CLASSIFICATION, display=None)
2021-01-19 21:57:10,889:INFO:Checking exceptions
2021-01-19 21:57:10,889:INFO:Preloading libraries
2021-01-19 21:57:20,145:INFO:Initializing load_model()
2021-01-19 21:57:20,145:INFO:load_model(model_name=bolig_algo, platform=None, authentication=None, verbose=True)
2021-01-19 21:57:20,646:INFO:Initializing predict_model()
2021-01-19 21:57:20,646:INFO:predict_model(estimator=Pipeline(steps=[('dtypes',
                 DataTypes_Auto_infer(ml_usecase='regression',
                                      target='target')),
                ('imputer',
                 Simple_Imputer(categorical_strategy='not_available',
                                fill_value_categorical=None,
                                fill_value_numerical=None,
                                numeric_strategy='mean',
                                target_variable=None)),
                ('new_levels1',
                 New_Catagorical_Levels_in_TestData(replacement_strategy='least '
                                                                         'frequent',
                                                    target='...
                                                                  verbosity=0)),
                                                    ('rf',
                                                     RandomForestRegressor(n_jobs=-1,
                                                                           random_state=123)),
                                                    ('lightgbm',
                                                     LGBMRegressor(random_state=123))],
                                        n_jobs=-1, weight_0=0.9600000000000001,
                                        weight_1=0.68,
                                        weight_2=0.36000000000000004,
                                        weight_3=0.35000000000000003,
                                        weight_4=0.15000000000000002,
                                        weights=[0.9600000000000001, 0.68,
                                                 0.36000000000000004,
                                                 0.35000000000000003,
                                                 0.15000000000000002])]]), probability_threshold=None, encoded_labels=False, round=4, verbose=True, ml_usecase=MLUsecase.CLASSIFICATION, display=None)
2021-01-19 21:57:20,646:INFO:Checking exceptions
2021-01-19 21:57:20,646:INFO:Preloading libraries
2021-01-19 22:01:27,807:INFO:Initializing load_model()
2021-01-19 22:01:27,807:INFO:load_model(model_name=extra_tree_model, platform=None, authentication=None, verbose=True)
2021-01-19 22:03:41,443:INFO:Initializing load_model()
2021-01-19 22:03:41,443:INFO:Initializing load_model()
2021-01-19 22:03:41,443:INFO:load_model(model_name=bolig_algo, platform=None, authentication=None, verbose=True)
2021-01-19 22:03:41,443:INFO:load_model(model_name=bolig_algo, platform=None, authentication=None, verbose=True)
2021-01-19 22:03:49,788:INFO:Initializing load_model()
2021-01-19 22:03:49,789:INFO:load_model(model_name=bolig_algo, platform=None, authentication=None, verbose=True)
2021-01-19 22:04:36,522:INFO:Initializing load_model()
2021-01-19 22:04:36,523:INFO:load_model(model_name=bolig_algo, platform=None, authentication=None, verbose=True)
2021-01-19 22:05:56,825:INFO:Initializing load_model()
2021-01-19 22:05:56,827:INFO:load_model(model_name=bolig_algo, platform=None, authentication=None, verbose=True)
2021-01-19 22:06:22,237:INFO:Initializing load_model()
2021-01-19 22:06:22,240:INFO:load_model(model_name=bolig_algo, platform=None, authentication=None, verbose=True)
2021-01-19 22:08:46,989:INFO:Initializing load_model()
2021-01-19 22:08:46,989:INFO:load_model(model_name=extra_tree_model, platform=None, authentication=None, verbose=True)
2021-01-19 22:10:46,009:INFO:Initializing load_model()
2021-01-19 22:10:46,009:INFO:load_model(model_name=bolig_algo.pkl, platform=None, authentication=None, verbose=True)
2021-01-19 22:10:52,672:INFO:Initializing load_model()
2021-01-19 22:10:52,673:INFO:load_model(model_name=bolig_algo, platform=None, authentication=None, verbose=True)
2021-01-19 22:10:53,651:INFO:Initializing predict_model()
2021-01-19 22:10:53,651:INFO:predict_model(estimator=Pipeline(steps=[('dtypes',
                 DataTypes_Auto_infer(ml_usecase='regression',
                                      target='target')),
                ('imputer',
                 Simple_Imputer(categorical_strategy='not_available',
                                fill_value_categorical=None,
                                fill_value_numerical=None,
                                numeric_strategy='mean',
                                target_variable=None)),
                ('new_levels1',
                 New_Catagorical_Levels_in_TestData(replacement_strategy='least '
                                                                         'frequent',
                                                    target='...
                                                                  verbosity=0)),
                                                    ('rf',
                                                     RandomForestRegressor(n_jobs=-1,
                                                                           random_state=123)),
                                                    ('lightgbm',
                                                     LGBMRegressor(random_state=123))],
                                        n_jobs=-1, weight_0=0.9600000000000001,
                                        weight_1=0.68,
                                        weight_2=0.36000000000000004,
                                        weight_3=0.35000000000000003,
                                        weight_4=0.15000000000000002,
                                        weights=[0.9600000000000001, 0.68,
                                                 0.36000000000000004,
                                                 0.35000000000000003,
                                                 0.15000000000000002])]]), probability_threshold=None, encoded_labels=False, round=4, verbose=True, ml_usecase=MLUsecase.CLASSIFICATION, display=None)
2021-01-19 22:10:53,652:INFO:Checking exceptions
2021-01-19 22:10:53,652:INFO:Preloading libraries
2021-01-19 22:10:57,265:INFO:Initializing load_model()
2021-01-19 22:10:57,266:INFO:load_model(model_name=bolig_algo, platform=None, authentication=None, verbose=True)
2021-01-19 22:10:57,778:INFO:Initializing predict_model()
2021-01-19 22:10:57,778:INFO:predict_model(estimator=Pipeline(steps=[('dtypes',
                 DataTypes_Auto_infer(ml_usecase='regression',
                                      target='target')),
                ('imputer',
                 Simple_Imputer(categorical_strategy='not_available',
                                fill_value_categorical=None,
                                fill_value_numerical=None,
                                numeric_strategy='mean',
                                target_variable=None)),
                ('new_levels1',
                 New_Catagorical_Levels_in_TestData(replacement_strategy='least '
                                                                         'frequent',
                                                    target='...
                                                                  verbosity=0)),
                                                    ('rf',
                                                     RandomForestRegressor(n_jobs=-1,
                                                                           random_state=123)),
                                                    ('lightgbm',
                                                     LGBMRegressor(random_state=123))],
                                        n_jobs=-1, weight_0=0.9600000000000001,
                                        weight_1=0.68,
                                        weight_2=0.36000000000000004,
                                        weight_3=0.35000000000000003,
                                        weight_4=0.15000000000000002,
                                        weights=[0.9600000000000001, 0.68,
                                                 0.36000000000000004,
                                                 0.35000000000000003,
                                                 0.15000000000000002])]]), probability_threshold=None, encoded_labels=False, round=4, verbose=True, ml_usecase=MLUsecase.CLASSIFICATION, display=None)
2021-01-19 22:10:57,779:INFO:Checking exceptions
2021-01-19 22:10:57,779:INFO:Preloading libraries
2021-01-19 22:10:58,106:INFO:Initializing predict_model()
2021-01-19 22:10:58,106:INFO:predict_model(estimator=Pipeline(steps=[('dtypes',
                 DataTypes_Auto_infer(ml_usecase='regression',
                                      target='target')),
                ('imputer',
                 Simple_Imputer(categorical_strategy='not_available',
                                fill_value_categorical=None,
                                fill_value_numerical=None,
                                numeric_strategy='mean',
                                target_variable=None)),
                ('new_levels1',
                 New_Catagorical_Levels_in_TestData(replacement_strategy='least '
                                                                         'frequent',
                                                    target='...
                                                                  verbosity=0)),
                                                    ('rf',
                                                     RandomForestRegressor(n_jobs=-1,
                                                                           random_state=123)),
                                                    ('lightgbm',
                                                     LGBMRegressor(random_state=123))],
                                        n_jobs=-1, weight_0=0.9600000000000001,
                                        weight_1=0.68,
                                        weight_2=0.36000000000000004,
                                        weight_3=0.35000000000000003,
                                        weight_4=0.15000000000000002,
                                        weights=[0.9600000000000001, 0.68,
                                                 0.36000000000000004,
                                                 0.35000000000000003,
                                                 0.15000000000000002])]]), probability_threshold=None, encoded_labels=False, round=4, verbose=True, ml_usecase=MLUsecase.CLASSIFICATION, display=None)
2021-01-19 22:10:58,107:INFO:Checking exceptions
2021-01-19 22:10:58,107:INFO:Preloading libraries
2021-01-19 22:11:39,867:INFO:Initializing load_model()
2021-01-19 22:11:39,867:INFO:load_model(model_name=bolig_algo, platform=None, authentication=None, verbose=True)
2021-01-19 22:11:40,267:INFO:Initializing predict_model()
2021-01-19 22:11:40,267:INFO:predict_model(estimator=Pipeline(steps=[('dtypes',
                 DataTypes_Auto_infer(ml_usecase='regression',
                                      target='target')),
                ('imputer',
                 Simple_Imputer(categorical_strategy='not_available',
                                fill_value_categorical=None,
                                fill_value_numerical=None,
                                numeric_strategy='mean',
                                target_variable=None)),
                ('new_levels1',
                 New_Catagorical_Levels_in_TestData(replacement_strategy='least '
                                                                         'frequent',
                                                    target='...
                                                                  verbosity=0)),
                                                    ('rf',
                                                     RandomForestRegressor(n_jobs=-1,
                                                                           random_state=123)),
                                                    ('lightgbm',
                                                     LGBMRegressor(random_state=123))],
                                        n_jobs=-1, weight_0=0.9600000000000001,
                                        weight_1=0.68,
                                        weight_2=0.36000000000000004,
                                        weight_3=0.35000000000000003,
                                        weight_4=0.15000000000000002,
                                        weights=[0.9600000000000001, 0.68,
                                                 0.36000000000000004,
                                                 0.35000000000000003,
                                                 0.15000000000000002])]]), probability_threshold=None, encoded_labels=False, round=4, verbose=True, ml_usecase=MLUsecase.CLASSIFICATION, display=None)
2021-01-19 22:11:40,268:INFO:Checking exceptions
2021-01-19 22:11:40,268:INFO:Preloading libraries
2021-01-19 22:11:43,274:INFO:Initializing load_model()
2021-01-19 22:11:43,276:INFO:load_model(model_name=bolig_algo, platform=None, authentication=None, verbose=True)
2021-01-19 22:11:43,779:INFO:Initializing predict_model()
2021-01-19 22:11:43,779:INFO:predict_model(estimator=Pipeline(steps=[('dtypes',
                 DataTypes_Auto_infer(ml_usecase='regression',
                                      target='target')),
                ('imputer',
                 Simple_Imputer(categorical_strategy='not_available',
                                fill_value_categorical=None,
                                fill_value_numerical=None,
                                numeric_strategy='mean',
                                target_variable=None)),
                ('new_levels1',
                 New_Catagorical_Levels_in_TestData(replacement_strategy='least '
                                                                         'frequent',
                                                    target='...
                                                                  verbosity=0)),
                                                    ('rf',
                                                     RandomForestRegressor(n_jobs=-1,
                                                                           random_state=123)),
                                                    ('lightgbm',
                                                     LGBMRegressor(random_state=123))],
                                        n_jobs=-1, weight_0=0.9600000000000001,
                                        weight_1=0.68,
                                        weight_2=0.36000000000000004,
                                        weight_3=0.35000000000000003,
                                        weight_4=0.15000000000000002,
                                        weights=[0.9600000000000001, 0.68,
                                                 0.36000000000000004,
                                                 0.35000000000000003,
                                                 0.15000000000000002])]]), probability_threshold=None, encoded_labels=False, round=4, verbose=True, ml_usecase=MLUsecase.CLASSIFICATION, display=None)
2021-01-19 22:11:43,779:INFO:Checking exceptions
2021-01-19 22:11:43,779:INFO:Preloading libraries
2021-01-19 22:11:44,120:INFO:Initializing predict_model()
2021-01-19 22:11:44,120:INFO:predict_model(estimator=Pipeline(steps=[('dtypes',
                 DataTypes_Auto_infer(ml_usecase='regression',
                                      target='target')),
                ('imputer',
                 Simple_Imputer(categorical_strategy='not_available',
                                fill_value_categorical=None,
                                fill_value_numerical=None,
                                numeric_strategy='mean',
                                target_variable=None)),
                ('new_levels1',
                 New_Catagorical_Levels_in_TestData(replacement_strategy='least '
                                                                         'frequent',
                                                    target='...
                                                                  verbosity=0)),
                                                    ('rf',
                                                     RandomForestRegressor(n_jobs=-1,
                                                                           random_state=123)),
                                                    ('lightgbm',
                                                     LGBMRegressor(random_state=123))],
                                        n_jobs=-1, weight_0=0.9600000000000001,
                                        weight_1=0.68,
                                        weight_2=0.36000000000000004,
                                        weight_3=0.35000000000000003,
                                        weight_4=0.15000000000000002,
                                        weights=[0.9600000000000001, 0.68,
                                                 0.36000000000000004,
                                                 0.35000000000000003,
                                                 0.15000000000000002])]]), probability_threshold=None, encoded_labels=False, round=4, verbose=True, ml_usecase=MLUsecase.CLASSIFICATION, display=None)
2021-01-19 22:11:44,121:INFO:Checking exceptions
2021-01-19 22:11:44,121:INFO:Preloading libraries
2021-01-19 22:35:12,079:INFO:Initializing load_model()
2021-01-19 22:35:12,079:INFO:Initializing load_model()
2021-01-19 22:35:12,080:INFO:load_model(model_name=bolig_algo, platform=None, authentication=None, verbose=True)
2021-01-19 22:35:12,081:INFO:load_model(model_name=bolig_algo, platform=None, authentication=None, verbose=True)
2021-01-19 22:35:13,164:INFO:Initializing predict_model()
2021-01-19 22:35:13,176:INFO:predict_model(estimator=Pipeline(steps=[('dtypes',
                 DataTypes_Auto_infer(ml_usecase='regression',
                                      target='target')),
                ('imputer',
                 Simple_Imputer(categorical_strategy='not_available',
                                fill_value_categorical=None,
                                fill_value_numerical=None,
                                numeric_strategy='mean',
                                target_variable=None)),
                ('new_levels1',
                 New_Catagorical_Levels_in_TestData(replacement_strategy='least '
                                                                         'frequent',
                                                    target='...
                                                                  verbosity=0)),
                                                    ('rf',
                                                     RandomForestRegressor(n_jobs=-1,
                                                                           random_state=123)),
                                                    ('lightgbm',
                                                     LGBMRegressor(random_state=123))],
                                        n_jobs=-1, weight_0=0.9600000000000001,
                                        weight_1=0.68,
                                        weight_2=0.36000000000000004,
                                        weight_3=0.35000000000000003,
                                        weight_4=0.15000000000000002,
                                        weights=[0.9600000000000001, 0.68,
                                                 0.36000000000000004,
                                                 0.35000000000000003,
                                                 0.15000000000000002])]]), probability_threshold=None, encoded_labels=False, round=4, verbose=True, ml_usecase=MLUsecase.CLASSIFICATION, display=None)
2021-01-19 22:35:13,181:INFO:Initializing predict_model()
2021-01-19 22:35:13,181:INFO:Checking exceptions
2021-01-19 22:35:13,182:INFO:predict_model(estimator=Pipeline(steps=[('dtypes',
                 DataTypes_Auto_infer(ml_usecase='regression',
                                      target='target')),
                ('imputer',
                 Simple_Imputer(categorical_strategy='not_available',
                                fill_value_categorical=None,
                                fill_value_numerical=None,
                                numeric_strategy='mean',
                                target_variable=None)),
                ('new_levels1',
                 New_Catagorical_Levels_in_TestData(replacement_strategy='least '
                                                                         'frequent',
                                                    target='...
                                                                  verbosity=0)),
                                                    ('rf',
                                                     RandomForestRegressor(n_jobs=-1,
                                                                           random_state=123)),
                                                    ('lightgbm',
                                                     LGBMRegressor(random_state=123))],
                                        n_jobs=-1, weight_0=0.9600000000000001,
                                        weight_1=0.68,
                                        weight_2=0.36000000000000004,
                                        weight_3=0.35000000000000003,
                                        weight_4=0.15000000000000002,
                                        weights=[0.9600000000000001, 0.68,
                                                 0.36000000000000004,
                                                 0.35000000000000003,
                                                 0.15000000000000002])]]), probability_threshold=None, encoded_labels=False, round=4, verbose=True, ml_usecase=MLUsecase.CLASSIFICATION, display=None)
2021-01-19 22:35:13,182:INFO:Preloading libraries
2021-01-19 22:35:13,183:INFO:Checking exceptions
2021-01-19 22:35:13,209:INFO:Preloading libraries
2021-01-19 22:38:08,773:INFO:Initializing load_model()
2021-01-19 22:38:08,773:INFO:load_model(model_name=bolig_algo, platform=None, authentication=None, verbose=True)
2021-01-19 22:38:09,315:INFO:Initializing predict_model()
2021-01-19 22:38:09,316:INFO:predict_model(estimator=Pipeline(steps=[('dtypes',
                 DataTypes_Auto_infer(ml_usecase='regression',
                                      target='target')),
                ('imputer',
                 Simple_Imputer(categorical_strategy='not_available',
                                fill_value_categorical=None,
                                fill_value_numerical=None,
                                numeric_strategy='mean',
                                target_variable=None)),
                ('new_levels1',
                 New_Catagorical_Levels_in_TestData(replacement_strategy='least '
                                                                         'frequent',
                                                    target='...
                                                                  verbosity=0)),
                                                    ('rf',
                                                     RandomForestRegressor(n_jobs=-1,
                                                                           random_state=123)),
                                                    ('lightgbm',
                                                     LGBMRegressor(random_state=123))],
                                        n_jobs=-1, weight_0=0.9600000000000001,
                                        weight_1=0.68,
                                        weight_2=0.36000000000000004,
                                        weight_3=0.35000000000000003,
                                        weight_4=0.15000000000000002,
                                        weights=[0.9600000000000001, 0.68,
                                                 0.36000000000000004,
                                                 0.35000000000000003,
                                                 0.15000000000000002])]]), probability_threshold=None, encoded_labels=False, round=4, verbose=True, ml_usecase=MLUsecase.CLASSIFICATION, display=None)
2021-01-19 22:38:09,316:INFO:Checking exceptions
2021-01-19 22:38:09,316:INFO:Preloading libraries
2021-01-19 22:38:11,238:INFO:Initializing load_model()
2021-01-19 22:38:11,239:INFO:load_model(model_name=bolig_algo, platform=None, authentication=None, verbose=True)
2021-01-19 22:38:11,655:INFO:Initializing predict_model()
2021-01-19 22:38:11,655:INFO:predict_model(estimator=Pipeline(steps=[('dtypes',
                 DataTypes_Auto_infer(ml_usecase='regression',
                                      target='target')),
                ('imputer',
                 Simple_Imputer(categorical_strategy='not_available',
                                fill_value_categorical=None,
                                fill_value_numerical=None,
                                numeric_strategy='mean',
                                target_variable=None)),
                ('new_levels1',
                 New_Catagorical_Levels_in_TestData(replacement_strategy='least '
                                                                         'frequent',
                                                    target='...
                                                                  verbosity=0)),
                                                    ('rf',
                                                     RandomForestRegressor(n_jobs=-1,
                                                                           random_state=123)),
                                                    ('lightgbm',
                                                     LGBMRegressor(random_state=123))],
                                        n_jobs=-1, weight_0=0.9600000000000001,
                                        weight_1=0.68,
                                        weight_2=0.36000000000000004,
                                        weight_3=0.35000000000000003,
                                        weight_4=0.15000000000000002,
                                        weights=[0.9600000000000001, 0.68,
                                                 0.36000000000000004,
                                                 0.35000000000000003,
                                                 0.15000000000000002])]]), probability_threshold=None, encoded_labels=False, round=4, verbose=True, ml_usecase=MLUsecase.CLASSIFICATION, display=None)
2021-01-19 22:38:11,655:INFO:Checking exceptions
2021-01-19 22:38:11,655:INFO:Preloading libraries
2021-01-19 22:58:43,871:INFO:Initializing load_model()
2021-01-19 22:58:43,872:INFO:load_model(model_name=bolig_algo, platform=None, authentication=None, verbose=True)
2021-01-19 22:58:44,591:INFO:Initializing predict_model()
2021-01-19 22:58:44,591:INFO:predict_model(estimator=Pipeline(steps=[('dtypes',
                 DataTypes_Auto_infer(ml_usecase='regression',
                                      target='target')),
                ('imputer',
                 Simple_Imputer(categorical_strategy='not_available',
                                fill_value_categorical=None,
                                fill_value_numerical=None,
                                numeric_strategy='mean',
                                target_variable=None)),
                ('new_levels1',
                 New_Catagorical_Levels_in_TestData(replacement_strategy='least '
                                                                         'frequent',
                                                    target='...
                                                                  verbosity=0)),
                                                    ('rf',
                                                     RandomForestRegressor(n_jobs=-1,
                                                                           random_state=123)),
                                                    ('lightgbm',
                                                     LGBMRegressor(random_state=123))],
                                        n_jobs=-1, weight_0=0.9600000000000001,
                                        weight_1=0.68,
                                        weight_2=0.36000000000000004,
                                        weight_3=0.35000000000000003,
                                        weight_4=0.15000000000000002,
                                        weights=[0.9600000000000001, 0.68,
                                                 0.36000000000000004,
                                                 0.35000000000000003,
                                                 0.15000000000000002])]]), probability_threshold=None, encoded_labels=False, round=4, verbose=True, ml_usecase=MLUsecase.CLASSIFICATION, display=None)
2021-01-19 22:58:44,592:INFO:Checking exceptions
2021-01-19 22:58:44,592:INFO:Preloading libraries
2021-01-19 22:59:52,755:INFO:Initializing load_model()
2021-01-19 22:59:52,755:INFO:load_model(model_name=bolig_algo, platform=None, authentication=None, verbose=True)
2021-01-19 22:59:53,410:INFO:Initializing predict_model()
2021-01-19 22:59:53,410:INFO:predict_model(estimator=Pipeline(steps=[('dtypes',
                 DataTypes_Auto_infer(ml_usecase='regression',
                                      target='target')),
                ('imputer',
                 Simple_Imputer(categorical_strategy='not_available',
                                fill_value_categorical=None,
                                fill_value_numerical=None,
                                numeric_strategy='mean',
                                target_variable=None)),
                ('new_levels1',
                 New_Catagorical_Levels_in_TestData(replacement_strategy='least '
                                                                         'frequent',
                                                    target='...
                                                                  verbosity=0)),
                                                    ('rf',
                                                     RandomForestRegressor(n_jobs=-1,
                                                                           random_state=123)),
                                                    ('lightgbm',
                                                     LGBMRegressor(random_state=123))],
                                        n_jobs=-1, weight_0=0.9600000000000001,
                                        weight_1=0.68,
                                        weight_2=0.36000000000000004,
                                        weight_3=0.35000000000000003,
                                        weight_4=0.15000000000000002,
                                        weights=[0.9600000000000001, 0.68,
                                                 0.36000000000000004,
                                                 0.35000000000000003,
                                                 0.15000000000000002])]]), probability_threshold=None, encoded_labels=False, round=4, verbose=True, ml_usecase=MLUsecase.CLASSIFICATION, display=None)
2021-01-19 22:59:53,411:INFO:Checking exceptions
2021-01-19 22:59:53,411:INFO:Preloading libraries
2021-01-19 23:00:25,310:INFO:Initializing load_model()
2021-01-19 23:00:25,310:INFO:load_model(model_name=bolig_algo, platform=None, authentication=None, verbose=True)
2021-01-19 23:00:25,813:INFO:Initializing predict_model()
2021-01-19 23:00:25,814:INFO:predict_model(estimator=Pipeline(steps=[('dtypes',
                 DataTypes_Auto_infer(ml_usecase='regression',
                                      target='target')),
                ('imputer',
                 Simple_Imputer(categorical_strategy='not_available',
                                fill_value_categorical=None,
                                fill_value_numerical=None,
                                numeric_strategy='mean',
                                target_variable=None)),
                ('new_levels1',
                 New_Catagorical_Levels_in_TestData(replacement_strategy='least '
                                                                         'frequent',
                                                    target='...
                                                                  verbosity=0)),
                                                    ('rf',
                                                     RandomForestRegressor(n_jobs=-1,
                                                                           random_state=123)),
                                                    ('lightgbm',
                                                     LGBMRegressor(random_state=123))],
                                        n_jobs=-1, weight_0=0.9600000000000001,
                                        weight_1=0.68,
                                        weight_2=0.36000000000000004,
                                        weight_3=0.35000000000000003,
                                        weight_4=0.15000000000000002,
                                        weights=[0.9600000000000001, 0.68,
                                                 0.36000000000000004,
                                                 0.35000000000000003,
                                                 0.15000000000000002])]]), probability_threshold=None, encoded_labels=False, round=4, verbose=True, ml_usecase=MLUsecase.CLASSIFICATION, display=None)
2021-01-19 23:00:25,814:INFO:Checking exceptions
2021-01-19 23:00:25,814:INFO:Preloading libraries
2021-01-19 23:00:56,042:INFO:Initializing load_model()
2021-01-19 23:00:56,042:INFO:load_model(model_name=bolig_algo, platform=None, authentication=None, verbose=True)
2021-01-19 23:00:56,282:INFO:Initializing load_model()
2021-01-19 23:00:56,286:INFO:load_model(model_name=bolig_algo, platform=None, authentication=None, verbose=True)
2021-01-19 23:01:01,218:INFO:Initializing load_model()
2021-01-19 23:01:01,218:INFO:load_model(model_name=bolig_algo, platform=None, authentication=None, verbose=True)
